{"C:\\Users\\croad\\Documents\\portfolio-2025\\src\\components\\Card.tsx": {"path":"C:\\Users\\croad\\Documents\\portfolio-2025\\src\\components\\Card.tsx","statementMap":{"0":{"start":{"line":1,"column":0},"end":{"line":1,"column":43}},"1":{"start":{"line":2,"column":0},"end":{"line":2,"column":40}},"2":{"start":{"line":3,"column":0},"end":{"line":3,"column":48}},"3":{"start":{"line":13,"column":20},"end":{"line":98,"column":1}},"4":{"start":{"line":20,"column":20},"end":{"line":20,"column":76}},"5":{"start":{"line":22,"column":2},"end":{"line":97,"column":4}},"6":{"start":{"line":36,"column":12},"end":{"line":36,"column":31}},"7":{"start":{"line":53,"column":14},"end":{"line":54,"column":null}},"8":{"start":{"line":58,"column":14},"end":{"line":58,"column":67}},"9":{"start":{"line":73,"column":30},"end":{"line":73,"column":49}},"10":{"start":{"line":85,"column":30},"end":{"line":85,"column":49}},"11":{"start":{"line":13,"column":13},"end":{"line":13,"column":20}}},"fnMap":{"0":{"name":"(anonymous_1)","decl":{"start":{"line":13,"column":20},"end":{"line":13,"column":21}},"loc":{"start":{"line":19,"column":16},"end":{"line":98,"column":1}}},"1":{"name":"(anonymous_2)","decl":{"start":{"line":35,"column":20},"end":{"line":35,"column":21}},"loc":{"start":{"line":36,"column":12},"end":{"line":36,"column":31}}},"2":{"name":"(anonymous_3)","decl":{"start":{"line":52,"column":15},"end":{"line":52,"column":16}},"loc":{"start":{"line":53,"column":14},"end":{"line":54,"column":null}}},"3":{"name":"(anonymous_4)","decl":{"start":{"line":57,"column":20},"end":{"line":57,"column":21}},"loc":{"start":{"line":58,"column":14},"end":{"line":58,"column":67}}},"4":{"name":"(anonymous_5)","decl":{"start":{"line":73,"column":23},"end":{"line":73,"column":24}},"loc":{"start":{"line":73,"column":30},"end":{"line":73,"column":49}}},"5":{"name":"(anonymous_6)","decl":{"start":{"line":85,"column":23},"end":{"line":85,"column":24}},"loc":{"start":{"line":85,"column":30},"end":{"line":85,"column":49}}}},"branchMap":{"0":{"loc":{"start":{"line":70,"column":11},"end":{"line":80,"column":null}},"type":"binary-expr","locations":[{"start":{"line":70,"column":11},"end":{"line":70,"column":22}},{"start":{"line":71,"column":12},"end":{"line":77,"column":null}}]},"1":{"loc":{"start":{"line":82,"column":11},"end":{"line":92,"column":null}},"type":"binary-expr","locations":[{"start":{"line":82,"column":11},"end":{"line":82,"column":21}},{"start":{"line":83,"column":12},"end":{"line":89,"column":null}}]}},"s":{"0":1,"1":1,"2":1,"3":1,"4":6,"5":6,"6":12,"7":0,"8":0,"9":0,"10":0,"11":1},"f":{"0":6,"1":12,"2":0,"3":0,"4":0,"5":0},"b":{"0":[6,6],"1":[6,6]}}
,"C:\\Users\\croad\\Documents\\portfolio-2025\\src\\components\\LinkWithArrow.tsx": {"path":"C:\\Users\\croad\\Documents\\portfolio-2025\\src\\components\\LinkWithArrow.tsx","statementMap":{"0":{"start":{"line":1,"column":0},"end":{"line":1,"column":28}},"1":{"start":{"line":12,"column":29},"end":{"line":52,"column":1}},"2":{"start":{"line":21,"column":4},"end":{"line":21,"column":79}},"3":{"start":{"line":23,"column":2},"end":{"line":51,"column":4}},"4":{"start":{"line":12,"column":13},"end":{"line":12,"column":29}}},"fnMap":{"0":{"name":"(anonymous_0)","decl":{"start":{"line":12,"column":29},"end":{"line":12,"column":30}},"loc":{"start":{"line":19,"column":25},"end":{"line":52,"column":1}}}},"branchMap":{"0":{"loc":{"start":{"line":16,"column":2},"end":{"line":16,"column":28}},"type":"default-arg","locations":[{"start":{"line":16,"column":11},"end":{"line":16,"column":28}}]},"1":{"loc":{"start":{"line":21,"column":4},"end":{"line":21,"column":79}},"type":"cond-expr","locations":[{"start":{"line":21,"column":35},"end":{"line":21,"column":67}},{"start":{"line":21,"column":70},"end":{"line":21,"column":79}}]},"2":{"loc":{"start":{"line":32,"column":18},"end":{"line":32,"column":44}},"type":"binary-expr","locations":[{"start":{"line":32,"column":18},"end":{"line":32,"column":27}},{"start":{"line":32,"column":31},"end":{"line":32,"column":44}}]}},"s":{"0":1,"1":1,"2":12,"3":12,"4":1},"f":{"0":12},"b":{"0":[12],"1":[12,0],"2":[12,12]}}
,"C:\\Users\\croad\\Documents\\portfolio-2025\\src\\components\\Spinner.tsx": {"path":"C:\\Users\\croad\\Documents\\portfolio-2025\\src\\components\\Spinner.tsx","statementMap":{"0":{"start":{"line":1,"column":23},"end":{"line":16,"column":1}},"1":{"start":{"line":2,"column":2},"end":{"line":15,"column":4}},"2":{"start":{"line":1,"column":13},"end":{"line":1,"column":23}}},"fnMap":{"0":{"name":"(anonymous_0)","decl":{"start":{"line":1,"column":23},"end":{"line":1,"column":26}},"loc":{"start":{"line":1,"column":28},"end":{"line":16,"column":1}}}},"branchMap":{},"s":{"0":1,"1":1,"2":1},"f":{"0":1},"b":{}}
,"C:\\Users\\croad\\Documents\\portfolio-2025\\src\\components\\StaticTag.tsx": {"path":"C:\\Users\\croad\\Documents\\portfolio-2025\\src\\components\\StaticTag.tsx","statementMap":{"0":{"start":{"line":5,"column":25},"end":{"line":18,"column":1}},"1":{"start":{"line":6,"column":2},"end":{"line":17,"column":4}},"2":{"start":{"line":5,"column":13},"end":{"line":5,"column":25}}},"fnMap":{"0":{"name":"(anonymous_0)","decl":{"start":{"line":5,"column":25},"end":{"line":5,"column":26}},"loc":{"start":{"line":5,"column":54},"end":{"line":18,"column":1}}}},"branchMap":{},"s":{"0":1,"1":12,"2":1},"f":{"0":12},"b":{}}
}
