TN:
SF:src\App.tsx
FN:11,App
FN:18,(anonymous_1)
FN:22,(anonymous_2)
FN:29,(anonymous_3)
FN:34,(anonymous_4)
FN:43,(anonymous_5)
FN:47,(anonymous_6)
FN:54,(anonymous_7)
FN:55,(anonymous_8)
FN:58,(anonymous_9)
FNF:10
FNH:0
FNDA:0,App
FNDA:0,(anonymous_1)
FNDA:0,(anonymous_2)
FNDA:0,(anonymous_3)
FNDA:0,(anonymous_4)
FNDA:0,(anonymous_5)
FNDA:0,(anonymous_6)
FNDA:0,(anonymous_7)
FNDA:0,(anonymous_8)
FNDA:0,(anonymous_9)
DA:1,0
DA:2,0
DA:3,0
DA:4,0
DA:5,0
DA:6,0
DA:7,0
DA:8,0
DA:9,0
DA:12,0
DA:13,0
DA:14,0
DA:15,0
DA:18,0
DA:19,0
DA:20,0
DA:22,0
DA:23,0
DA:26,0
DA:30,0
DA:31,0
DA:34,0
DA:35,0
DA:36,0
DA:39,0
DA:40,0
DA:42,0
DA:43,0
DA:47,0
DA:48,0
DA:49,0
DA:54,0
DA:55,0
DA:56,0
DA:58,0
DA:61,0
DA:67,0
DA:122,0
LF:38
LH:0
BRDA:23,0,0,0
BRDA:23,0,1,0
BRDA:23,1,0,0
BRDA:23,1,1,0
BRDA:39,2,0,0
BRDA:39,2,1,0
BRDA:48,3,0,0
BRDA:48,3,1,0
BRDA:70,4,0,0
BRDA:70,4,1,0
BRDA:75,5,0,0
BRDA:75,5,1,0
BRF:12
BRH:0
end_of_record
TN:
SF:src\constants.ts
FNF:0
FNH:0
DA:1,4
LF:1
LH:1
BRF:0
BRH:0
end_of_record
TN:
SF:src\main.tsx
FNF:0
FNH:0
DA:1,0
DA:2,0
DA:3,0
DA:4,0
DA:5,0
DA:6,0
DA:8,0
LF:7
LH:0
BRF:0
BRH:0
end_of_record
TN:
SF:src\assets\fontawesome.ts
FNF:0
FNH:0
DA:1,0
DA:2,0
DA:3,0
DA:5,0
LF:4
LH:0
BRF:0
BRH:0
end_of_record
TN:
SF:src\components\BlurText.tsx
FN:22,(anonymous_0)
FN:28,(anonymous_1)
FN:32,(anonymous_2)
FN:33,(anonymous_3)
FN:38,(anonymous_4)
FN:48,(anonymous_5)
FN:59,(anonymous_6)
FN:62,(anonymous_7)
FN:71,(anonymous_8)
FN:75,(anonymous_9)
FN:83,(anonymous_10)
FN:99,(anonymous_11)
FN:113,(anonymous_12)
FNF:13
FNH:0
FNDA:0,(anonymous_0)
FNDA:0,(anonymous_1)
FNDA:0,(anonymous_2)
FNDA:0,(anonymous_3)
FNDA:0,(anonymous_4)
FNDA:0,(anonymous_5)
FNDA:0,(anonymous_6)
FNDA:0,(anonymous_7)
FNDA:0,(anonymous_8)
FNDA:0,(anonymous_9)
FNDA:0,(anonymous_10)
FNDA:0,(anonymous_11)
FNDA:0,(anonymous_12)
DA:1,0
DA:2,0
DA:22,0
DA:26,0
DA:28,0
DA:31,0
DA:32,0
DA:33,0
DA:35,0
DA:38,0
DA:48,0
DA:55,0
DA:56,0
DA:57,0
DA:59,0
DA:60,0
DA:61,0
DA:63,0
DA:64,0
DA:65,0
DA:70,0
DA:71,0
DA:74,0
DA:76,0
DA:82,0
DA:83,0
DA:94,0
DA:95,0
DA:97,0
DA:98,0
DA:99,0
DA:100,0
DA:103,0
DA:105,0
DA:114,0
DA:116,0
DA:121,0
DA:123,0
LF:38
LH:0
BRDA:39,0,0,0
BRDA:40,1,0,0
BRDA:41,2,0,0
BRDA:42,3,0,0
BRDA:43,4,0,0
BRDA:44,5,0,0
BRDA:45,6,0,0
BRDA:48,7,0,0
BRDA:50,8,0,0
BRDA:51,9,0,0
BRDA:52,10,0,0
BRDA:55,11,0,0
BRDA:55,11,1,0
BRDA:60,12,0,0
BRDA:60,12,1,0
BRDA:63,13,0,0
BRDA:63,13,1,0
BRDA:76,14,0,0
BRDA:76,14,1,0
BRDA:87,15,0,0
BRDA:87,15,1,0
BRDA:94,16,0,0
BRDA:94,16,1,0
BRDA:95,17,0,0
BRDA:95,17,1,0
BRDA:100,18,0,0
BRDA:100,18,1,0
BRDA:110,19,0,0
BRDA:110,19,1,0
BRDA:127,20,0,0
BRDA:127,20,1,0
BRDA:130,21,0,0
BRDA:130,21,1,0
BRDA:137,22,0,0
BRDA:137,22,1,0
BRDA:138,23,0,0
BRDA:138,23,1,0
BRDA:138,23,2,0
BRF:38
BRH:0
end_of_record
TN:
SF:src\components\Card.tsx
FN:13,(anonymous_1)
FN:35,(anonymous_2)
FN:52,(anonymous_3)
FN:57,(anonymous_4)
FN:73,(anonymous_5)
FN:85,(anonymous_6)
FNF:6
FNH:2
FNDA:6,(anonymous_1)
FNDA:12,(anonymous_2)
FNDA:0,(anonymous_3)
FNDA:0,(anonymous_4)
FNDA:0,(anonymous_5)
FNDA:0,(anonymous_6)
DA:1,1
DA:2,1
DA:3,1
DA:13,1
DA:20,6
DA:22,6
DA:36,12
DA:53,0
DA:58,0
DA:73,0
DA:85,0
LF:11
LH:7
BRDA:70,0,0,6
BRDA:70,0,1,6
BRDA:82,1,0,6
BRDA:82,1,1,6
BRF:4
BRH:4
end_of_record
TN:
SF:src\components\LinkWithArrow.tsx
FN:12,(anonymous_0)
FNF:1
FNH:1
FNDA:12,(anonymous_0)
DA:1,1
DA:12,1
DA:21,12
DA:23,12
LF:4
LH:4
BRDA:16,0,0,12
BRDA:21,1,0,12
BRDA:21,1,1,0
BRDA:32,2,0,12
BRDA:32,2,1,12
BRF:5
BRH:4
end_of_record
TN:
SF:src\components\Navbar.tsx
FN:7,(anonymous_1)
FN:12,(anonymous_2)
FN:13,(anonymous_3)
FN:23,(anonymous_4)
FN:26,(anonymous_5)
FN:27,(anonymous_6)
FN:33,(anonymous_7)
FN:36,(anonymous_8)
FN:38,(anonymous_9)
FN:40,(anonymous_10)
FN:80,(anonymous_11)
FN:80,(anonymous_12)
FNF:12
FNH:12
FNDA:14,(anonymous_1)
FNDA:14,(anonymous_2)
FNDA:1,(anonymous_3)
FNDA:14,(anonymous_4)
FNDA:14,(anonymous_5)
FNDA:1,(anonymous_6)
FNDA:14,(anonymous_7)
FNDA:14,(anonymous_8)
FNDA:2,(anonymous_9)
FNDA:14,(anonymous_10)
FNDA:6,(anonymous_11)
FNDA:6,(anonymous_12)
DA:1,1
DA:2,1
DA:3,1
DA:4,1
DA:5,1
DA:7,1
DA:8,14
DA:9,14
DA:10,14
DA:12,14
DA:13,14
DA:14,1
DA:19,1
DA:22,14
DA:23,14
DA:26,14
DA:27,14
DA:28,1
DA:29,1
DA:32,14
DA:33,14
DA:36,14
DA:37,14
DA:38,5
DA:40,14
DA:41,14
DA:45,14
DA:80,6
LF:28
LH:28
BRDA:14,0,0,1
BRDA:14,0,1,0
BRDA:15,1,0,1
BRDA:15,1,1,1
BRDA:15,1,2,1
BRDA:28,2,0,1
BRDA:28,2,1,0
BRDA:37,3,0,5
BRDA:37,3,1,9
BRDA:41,4,0,8
BRDA:41,4,1,6
BRDA:92,5,0,14
BRDA:92,5,1,5
BRF:13
BRH:11
end_of_record
TN:
SF:src\components\PieChart.tsx
FN:22,(anonymous_1)
FN:65,(anonymous_2)
FN:75,(anonymous_3)
FN:77,(anonymous_4)
FNF:4
FNH:0
FNDA:0,(anonymous_1)
FNDA:0,(anonymous_2)
FNDA:0,(anonymous_3)
FNDA:0,(anonymous_4)
DA:1,0
DA:2,0
DA:4,0
DA:14,0
DA:22,0
DA:23,0
DA:65,0
DA:66,0
DA:67,0
DA:69,0
DA:70,0
DA:73,0
DA:76,0
DA:78,0
DA:79,0
LF:15
LH:0
BRF:0
BRH:0
end_of_record
TN:
SF:src\components\RolesCarousel.tsx
FN:10,(anonymous_0)
FNF:1
FNH:0
FNDA:0,(anonymous_0)
DA:1,0
DA:3,0
DA:4,0
DA:10,0
DA:11,0
LF:5
LH:0
BRDA:22,0,0,0
BRDA:22,0,1,0
BRDA:36,1,0,0
BRDA:36,1,1,0
BRDA:49,2,0,0
BRDA:49,2,1,0
BRF:6
BRH:0
end_of_record
TN:
SF:src\components\SlideFadeIn.tsx
FN:14,(anonymous_0)
FN:28,(anonymous_1)
FNF:2
FNH:2
FNDA:6,(anonymous_0)
FNDA:3,(anonymous_1)
DA:1,1
DA:2,1
DA:3,1
DA:14,1
DA:22,6
DA:23,6
DA:28,6
DA:29,3
DA:30,0
DA:34,6
LF:10
LH:9
BRDA:16,0,0,6
BRDA:17,1,0,2
BRDA:20,2,0,6
BRDA:29,3,0,0
BRDA:29,3,1,3
BRDA:47,4,0,0
BRDA:47,4,1,6
BRF:7
BRH:5
end_of_record
TN:
SF:src\components\Spinner.tsx
FN:1,(anonymous_0)
FNF:1
FNH:1
FNDA:1,(anonymous_0)
DA:1,1
DA:2,1
LF:2
LH:2
BRF:0
BRH:0
end_of_record
TN:
SF:src\components\StaticTag.tsx
FN:5,(anonymous_0)
FNF:1
FNH:1
FNDA:20,(anonymous_0)
DA:5,2
DA:6,20
LF:2
LH:2
BRF:0
BRH:0
end_of_record
TN:
SF:src\components\Tag.tsx
FN:17,(anonymous_0)
FN:31,(anonymous_1)
FN:34,(anonymous_2)
FN:48,(anonymous_3)
FNF:4
FNH:4
FNDA:6,(anonymous_0)
FNDA:5,(anonymous_1)
FNDA:1,(anonymous_2)
FNDA:4,(anonymous_3)
DA:1,1
DA:2,1
DA:3,1
DA:17,1
DA:28,6
DA:29,6
DA:31,6
DA:32,5
DA:34,4
DA:35,1
DA:37,1
DA:38,1
DA:39,1
DA:41,1
DA:42,1
DA:44,1
DA:47,4
DA:48,4
DA:51,6
DA:60,6
LF:20
LH:20
BRDA:19,0,0,5
BRDA:20,1,0,3
BRDA:21,2,0,4
BRDA:22,3,0,6
BRDA:32,4,0,1
BRDA:32,4,1,4
BRDA:35,5,0,0
BRDA:35,5,1,1
BRDA:69,6,0,5
BRDA:69,6,1,1
BRDA:72,7,0,5
BRDA:72,7,1,1
BRDA:87,8,0,5
BRDA:87,8,1,1
BRDA:94,9,0,5
BRDA:94,9,1,1
BRF:16
BRH:15
end_of_record
TN:
SF:src\context\ProjectsContext.tsx
FN:13,(anonymous_0)
FN:17,(anonymous_1)
FN:26,(anonymous_2)
FN:38,(anonymous_3)
FNF:4
FNH:0
FNDA:0,(anonymous_0)
FNDA:0,(anonymous_1)
FNDA:0,(anonymous_2)
FNDA:0,(anonymous_3)
DA:1,0
DA:2,0
DA:11,0
DA:13,0
DA:14,0
DA:15,0
DA:17,0
DA:18,0
DA:19,0
DA:20,0
DA:21,0
DA:23,0
DA:26,0
DA:27,0
DA:30,0
DA:38,0
DA:39,0
DA:40,0
DA:41,0
LF:19
LH:0
BRDA:20,0,0,0
BRDA:20,0,1,0
BRDA:21,1,0,0
BRDA:21,1,1,0
BRDA:40,2,0,0
BRDA:40,2,1,0
BRF:6
BRH:0
end_of_record
TN:
SF:src\context\RolesContext.tsx
FN:13,(anonymous_0)
FN:17,(anonymous_1)
FN:26,(anonymous_2)
FN:38,(anonymous_3)
FNF:4
FNH:0
FNDA:0,(anonymous_0)
FNDA:0,(anonymous_1)
FNDA:0,(anonymous_2)
FNDA:0,(anonymous_3)
DA:1,0
DA:2,0
DA:11,0
DA:13,0
DA:14,0
DA:15,0
DA:17,0
DA:18,0
DA:19,0
DA:20,0
DA:21,0
DA:23,0
DA:26,0
DA:27,0
DA:30,0
DA:38,0
DA:39,0
DA:40,0
DA:41,0
LF:19
LH:0
BRDA:20,0,0,0
BRDA:20,0,1,0
BRDA:21,1,0,0
BRDA:21,1,1,0
BRDA:40,2,0,0
BRDA:40,2,1,0
BRF:6
BRH:0
end_of_record
TN:
SF:src\delegates\getProjects.ts
FN:4,(anonymous_0)
FNF:1
FNH:0
FNDA:0,(anonymous_0)
DA:1,0
DA:4,0
DA:5,0
DA:7,0
DA:8,0
DA:10,0
LF:6
LH:0
BRDA:7,0,0,0
BRDA:7,0,1,0
BRF:2
BRH:0
end_of_record
TN:
SF:src\delegates\getRoles.ts
FN:4,(anonymous_0)
FNF:1
FNH:0
FNDA:0,(anonymous_0)
DA:1,0
DA:4,0
DA:5,0
DA:7,0
DA:8,0
DA:10,0
LF:6
LH:0
BRDA:7,0,0,0
BRDA:7,0,1,0
BRF:2
BRH:0
end_of_record
TN:
SF:src\sections\bento\index.tsx
FN:7,(anonymous_0)
FNF:1
FNH:1
FNDA:2,(anonymous_0)
DA:1,1
DA:2,1
DA:3,1
DA:4,1
DA:5,1
DA:7,1
DA:8,2
LF:7
LH:7
BRF:0
BRH:0
end_of_record
TN:
SF:src\sections\bento\about\index.tsx
FN:3,(anonymous_0)
FNF:1
FNH:1
FNDA:4,(anonymous_0)
DA:1,1
DA:3,1
DA:4,4
LF:3
LH:3
BRF:0
BRH:0
end_of_record
TN:
SF:src\sections\bento\projects\index.tsx
FN:6,(anonymous_0)
FN:47,(anonymous_1)
FNF:2
FNH:2
FNDA:2,(anonymous_0)
FNDA:1,(anonymous_1)
DA:1,1
DA:3,1
DA:4,1
DA:6,1
DA:7,2
DA:9,2
DA:10,1
DA:21,1
DA:48,1
LF:9
LH:9
BRDA:9,0,0,1
BRDA:9,0,1,1
BRDA:52,1,0,1
BRDA:52,1,1,0
BRDA:53,2,0,1
BRDA:53,2,1,0
BRDA:54,3,0,1
BRDA:54,3,1,0
BRF:8
BRH:5
end_of_record
TN:
SF:src\sections\bento\work\index.tsx
FN:8,(anonymous_1)
FN:13,(anonymous_2)
FN:14,(anonymous_3)
FN:17,(anonymous_4)
FN:18,(anonymous_5)
FNF:5
FNH:5
FNDA:7,(anonymous_1)
FNDA:1,(anonymous_2)
FNDA:1,(anonymous_3)
FNDA:3,(anonymous_4)
FNDA:3,(anonymous_5)
DA:1,1
DA:2,1
DA:3,1
DA:4,1
DA:5,1
DA:6,1
DA:8,1
DA:9,7
DA:10,7
DA:11,7
DA:13,7
DA:14,1
DA:17,7
DA:18,3
DA:21,7
DA:22,1
DA:33,6
LF:17
LH:17
BRDA:14,0,0,1
BRDA:14,0,1,0
BRDA:18,1,0,1
BRDA:18,1,1,2
BRDA:21,2,0,1
BRDA:21,2,1,6
BRF:6
BRH:5
end_of_record
TN:
SF:src\sections\hero\index.tsx
FN:12,(anonymous_1)
FN:60,(anonymous_2)
FNF:2
FNH:2
FNDA:5,(anonymous_1)
FNDA:25,(anonymous_2)
DA:1,1
DA:2,1
DA:3,1
DA:4,1
DA:5,1
DA:6,1
DA:12,1
DA:13,5
DA:15,5
DA:20,5
DA:25,5
DA:61,25
LF:12
LH:12
BRF:0
BRH:0
end_of_record
TN:
SF:src\supabase\client.ts
FNF:0
FNH:0
DA:1,0
DA:3,0
DA:4,0
DA:6,0
LF:4
LH:0
BRF:0
BRH:0
end_of_record
TN:
SF:src\utils\utils.ts
FN:4,cn
FNF:1
FNH:0
FNDA:0,cn
DA:1,0
DA:2,0
DA:4,0
DA:5,0
LF:4
LH:0
BRF:0
BRH:0
end_of_record
